<?xml version="1.0" encoding="UTF-8"?>
<testng-results skipped="0" failed="0" total="1" passed="1">
  <reporter-output>
  </reporter-output>
  <suite name="pack.GoogleTest" duration-ms="15099" started-at="2015-10-16T11:13:47Z" finished-at="2015-10-16T11:14:02Z">
    <groups>
    </groups>
    <test name="Command line test" duration-ms="15099" started-at="2015-10-16T11:13:47Z" finished-at="2015-10-16T11:14:02Z">
      <class name="pack.GoogleTest">
        <test-method status="PASS" signature="openGoogle()" name="openGoogle" duration-ms="15084" started-at="2015-10-16T11:13:47Z" finished-at="2015-10-16T11:14:02Z">
        </test-method>
      </class>
    </test>
  </suite>
</testng-results>
