<?xml version="1.0" encoding="UTF-8"?>
<testng-results skipped="0" failed="0" total="1" passed="1">
  <reporter-output>
  </reporter-output>
  <suite name="pack.GoogleTest" duration-ms="6309" started-at="2015-09-15T12:39:15Z" finished-at="2015-09-15T12:39:22Z">
    <groups>
    </groups>
    <test name="Command line test" duration-ms="6309" started-at="2015-09-15T12:39:15Z" finished-at="2015-09-15T12:39:22Z">
      <class name="pack.GoogleTest">
        <test-method status="PASS" signature="openGoogle()" name="openGoogle" duration-ms="6296" started-at="2015-09-15T12:39:15Z" finished-at="2015-09-15T12:39:22Z">
        </test-method>
      </class>
    </test>
  </suite>
</testng-results>
