<?xml version="1.0" encoding="UTF-8"?>
<testng-results skipped="0" failed="0" total="1" passed="1">
  <reporter-output>
  </reporter-output>
  <suite name="Default suite" duration-ms="4524" started-at="2015-09-15T16:37:56Z" finished-at="2015-09-15T16:38:01Z">
    <groups>
    </groups>
    <test name="Default test" duration-ms="4524" started-at="2015-09-15T16:37:56Z" finished-at="2015-09-15T16:38:01Z">
      <class name="pack.GoogleTest">
        <test-method status="PASS" signature="openGoogle()[pri:0, instance:pack.GoogleTest@256216b3]" name="openGoogle" duration-ms="4514" started-at="2015-09-15T12:37:56Z" finished-at="2015-09-15T12:38:01Z">
          <reporter-output>
          </reporter-output>
        </test-method> <!-- openGoogle -->
      </class> <!-- pack.GoogleTest -->
    </test> <!-- Default test -->
  </suite> <!-- Default suite -->
</testng-results>
