<?xml version="1.0" encoding="UTF-8"?>
<testng-results skipped="0" failed="0" total="1" passed="1">
  <reporter-output>
  </reporter-output>
  <suite name="Suite" duration-ms="5585" started-at="2015-10-16T15:12:27Z" finished-at="2015-10-16T15:12:32Z">
    <groups>
    </groups>
    <test name="Test" duration-ms="5585" started-at="2015-10-16T15:12:27Z" finished-at="2015-10-16T15:12:32Z">
      <class name="pack.GoogleTest">
        <test-method status="PASS" signature="openGoogle()[pri:0, instance:pack.GoogleTest@256216b3]" name="openGoogle" duration-ms="5563" started-at="2015-10-16T11:12:27Z" finished-at="2015-10-16T11:12:32Z">
          <reporter-output>
          </reporter-output>
        </test-method> <!-- openGoogle -->
      </class> <!-- pack.GoogleTest -->
    </test> <!-- Test -->
  </suite> <!-- Suite -->
</testng-results>
